  AnimPacket.cpp
  EntityPacket.cpp
  Packet.cpp
  Scoreboard.cpp
C:\Users\Maxke\Desktop\GDW 3 Repo\GDW\Semester 2\CommonNetworking\Scoreboard.cpp(44,38): warning C4244: 'argument': conversion from 'float' to '_Elem', possible loss of data
          with
          [
              _Elem=char
          ]
  ScorePacket.cpp
  Transform.cpp
  TransformPacket.cpp
  clientSide.cpp
C:\Users\Maxke\Desktop\GDW 3 Repo\GDW\Semester 2\NetworkingDLL\NetworkingDLL\ClientSide.h(102,23): warning C4251: 'ClientSide::_serverIP': class 'std::basic_string<char,std::char_traits<char>,std::allocator<char>>' needs to have dll-interface to be used by clients of class 'ClientSide'
C:\Program Files (x86)\Microsoft Visual Studio\2019\Community\VC\Tools\MSVC\14.25.28610\include\xstring(4471): message : see declaration of 'std::basic_string<char,std::char_traits<char>,std::allocator<char>>'
C:\Users\Maxke\Desktop\GDW 3 Repo\GDW\Semester 2\NetworkingDLL\NetworkingDLL\ClientSide.h(106,137): warning C4251: 'ClientSide::_udpPacketBuf': class 'std::unordered_map<PacketTypes,std::unordered_map<int8_t,Packet *,std::hash<int8_t>,std::equal_to<int8_t>,std::allocator<std::pair<const int8_t,Packet *>>>,std::hash<PacketTypes>,std::equal_to<PacketTypes>,std::allocator<std::pair<const PacketTypes,std::unordered_map<int8_t,Packet *,std::hash<int8_t>,std::equal_to<int8_t>,std::allocator<std::pair<const int8_t,Packet *>>>>>>' needs to have dll-interface to be used by clients of class 'ClientSide'
C:\Users\Maxke\Desktop\GDW 3 Repo\GDW\Semester 2\NetworkingDLL\NetworkingDLL\ClientSide.h(106): message : see declaration of 'std::unordered_map<PacketTypes,std::unordered_map<int8_t,Packet *,std::hash<int8_t>,std::equal_to<int8_t>,std::allocator<std::pair<const int8_t,Packet *>>>,std::hash<PacketTypes>,std::equal_to<PacketTypes>,std::allocator<std::pair<const PacketTypes,std::unordered_map<int8_t,Packet *,std::hash<int8_t>,std::equal_to<int8_t>,std::allocator<std::pair<const int8_t,Packet *>>>>>>'
C:\Users\Maxke\Desktop\GDW 3 Repo\GDW\Semester 2\NetworkingDLL\NetworkingDLL\ClientSide.h(107,159): warning C4251: 'ClientSide::_tcpPacketBuf': class 'std::unordered_map<PacketTypes,std::unordered_map<int8_t,std::vector<PacketData,std::allocator<PacketData>>,std::hash<int8_t>,std::equal_to<int8_t>,std::allocator<std::pair<const int8_t,std::vector<PacketData,std::allocator<PacketData>>>>>,std::hash<PacketTypes>,std::equal_to<PacketTypes>,std::allocator<std::pair<const PacketTypes,std::unordered_map<int8_t,std::vector<PacketData,std::allocator<PacketData>>,std::hash<int8_t>,std::equal_to<int8_t>,std::allocator<std::pair<const int8_t,std::vector<PacketData,std::allocator<PacketData>>>>>>>>' needs to have dll-interface to be used by clients of class 'ClientSide'
C:\Users\Maxke\Desktop\GDW 3 Repo\GDW\Semester 2\NetworkingDLL\NetworkingDLL\ClientSide.h(107): message : see declaration of 'std::unordered_map<PacketTypes,std::unordered_map<int8_t,std::vector<PacketData,std::allocator<PacketData>>,std::hash<int8_t>,std::equal_to<int8_t>,std::allocator<std::pair<const int8_t,std::vector<PacketData,std::allocator<PacketData>>>>>,std::hash<PacketTypes>,std::equal_to<PacketTypes>,std::allocator<std::pair<const PacketTypes,std::unordered_map<int8_t,std::vector<PacketData,std::allocator<PacketData>>,std::hash<int8_t>,std::equal_to<int8_t>,std::allocator<std::pair<const int8_t,std::vector<PacketData,std::allocator<PacketData>>>>>>>>'
C:\Users\Maxke\Desktop\GDW 3 Repo\GDW\Semester 2\NetworkingDLL\NetworkingDLL\ClientSide.h(113,37): warning C4251: 'ClientSide::_transDataBuf': class 'std::vector<TransformData,std::allocator<TransformData>>' needs to have dll-interface to be used by clients of class 'ClientSide'
C:\Users\Maxke\Desktop\GDW 3 Repo\GDW\Semester 2\NetworkingDLL\NetworkingDLL\ClientSide.h(113): message : see declaration of 'std::vector<TransformData,std::allocator<TransformData>>'
C:\Users\Maxke\Desktop\GDW 3 Repo\GDW\Semester 2\NetworkingDLL\NetworkingDLL\ClientSide.h(114,31): warning C4251: 'ClientSide::_animDataBuf': class 'std::vector<AnimData,std::allocator<AnimData>>' needs to have dll-interface to be used by clients of class 'ClientSide'
C:\Users\Maxke\Desktop\GDW 3 Repo\GDW\Semester 2\NetworkingDLL\NetworkingDLL\ClientSide.h(114): message : see declaration of 'std::vector<AnimData,std::allocator<AnimData>>'
C:\Users\Maxke\Desktop\GDW 3 Repo\GDW\Semester 2\NetworkingDLL\NetworkingDLL\ClientSide.h(115,35): warning C4251: 'ClientSide::_entityDataBuf': class 'std::vector<EntityData,std::allocator<EntityData>>' needs to have dll-interface to be used by clients of class 'ClientSide'
C:\Users\Maxke\Desktop\GDW 3 Repo\GDW\Semester 2\NetworkingDLL\NetworkingDLL\ClientSide.h(115): message : see declaration of 'std::vector<EntityData,std::allocator<EntityData>>'
C:\Users\Maxke\Desktop\GDW 3 Repo\GDW\Semester 2\NetworkingDLL\NetworkingDLL\clientSide.cpp(146,6): warning C4267: 'argument': conversion from 'size_t' to 'int', possible loss of data
C:\Users\Maxke\Desktop\GDW 3 Repo\GDW\Semester 2\NetworkingDLL\NetworkingDLL\clientSide.cpp(589,6): warning C4267: 'argument': conversion from 'size_t' to 'int', possible loss of data
C:\Users\Maxke\Desktop\GDW 3 Repo\GDW\Semester 2\NetworkingDLL\NetworkingDLL\clientSide.cpp(829,42): warning C4267: '=': conversion from 'size_t' to 'int', possible loss of data
C:\Users\Maxke\Desktop\GDW 3 Repo\GDW\Semester 2\NetworkingDLL\NetworkingDLL\clientSide.cpp(830,40): warning C4267: '=': conversion from 'size_t' to 'int', possible loss of data
C:\Users\Maxke\Desktop\GDW 3 Repo\GDW\Semester 2\NetworkingDLL\NetworkingDLL\clientSide.cpp(831,44): warning C4267: '=': conversion from 'size_t' to 'int', possible loss of data
  dllmain.cpp
  pch.cpp
  Wrapper.cpp
C:\Users\Maxke\Desktop\GDW 3 Repo\GDW\Semester 2\NetworkingDLL\NetworkingDLL\ClientSide.h(102,23): warning C4251: 'ClientSide::_serverIP': class 'std::basic_string<char,std::char_traits<char>,std::allocator<char>>' needs to have dll-interface to be used by clients of class 'ClientSide'
C:\Program Files (x86)\Microsoft Visual Studio\2019\Community\VC\Tools\MSVC\14.25.28610\include\xstring(4471): message : see declaration of 'std::basic_string<char,std::char_traits<char>,std::allocator<char>>'
C:\Users\Maxke\Desktop\GDW 3 Repo\GDW\Semester 2\NetworkingDLL\NetworkingDLL\ClientSide.h(106,137): warning C4251: 'ClientSide::_udpPacketBuf': class 'std::unordered_map<PacketTypes,std::unordered_map<int8_t,Packet *,std::hash<int8_t>,std::equal_to<int8_t>,std::allocator<std::pair<const int8_t,Packet *>>>,std::hash<PacketTypes>,std::equal_to<PacketTypes>,std::allocator<std::pair<const PacketTypes,std::unordered_map<int8_t,Packet *,std::hash<int8_t>,std::equal_to<int8_t>,std::allocator<std::pair<const int8_t,Packet *>>>>>>' needs to have dll-interface to be used by clients of class 'ClientSide'
C:\Users\Maxke\Desktop\GDW 3 Repo\GDW\Semester 2\NetworkingDLL\NetworkingDLL\ClientSide.h(106): message : see declaration of 'std::unordered_map<PacketTypes,std::unordered_map<int8_t,Packet *,std::hash<int8_t>,std::equal_to<int8_t>,std::allocator<std::pair<const int8_t,Packet *>>>,std::hash<PacketTypes>,std::equal_to<PacketTypes>,std::allocator<std::pair<const PacketTypes,std::unordered_map<int8_t,Packet *,std::hash<int8_t>,std::equal_to<int8_t>,std::allocator<std::pair<const int8_t,Packet *>>>>>>'
C:\Users\Maxke\Desktop\GDW 3 Repo\GDW\Semester 2\NetworkingDLL\NetworkingDLL\ClientSide.h(107,159): warning C4251: 'ClientSide::_tcpPacketBuf': class 'std::unordered_map<PacketTypes,std::unordered_map<int8_t,std::vector<PacketData,std::allocator<PacketData>>,std::hash<int8_t>,std::equal_to<int8_t>,std::allocator<std::pair<const int8_t,std::vector<PacketData,std::allocator<PacketData>>>>>,std::hash<PacketTypes>,std::equal_to<PacketTypes>,std::allocator<std::pair<const PacketTypes,std::unordered_map<int8_t,std::vector<PacketData,std::allocator<PacketData>>,std::hash<int8_t>,std::equal_to<int8_t>,std::allocator<std::pair<const int8_t,std::vector<PacketData,std::allocator<PacketData>>>>>>>>' needs to have dll-interface to be used by clients of class 'ClientSide'
C:\Users\Maxke\Desktop\GDW 3 Repo\GDW\Semester 2\NetworkingDLL\NetworkingDLL\ClientSide.h(107): message : see declaration of 'std::unordered_map<PacketTypes,std::unordered_map<int8_t,std::vector<PacketData,std::allocator<PacketData>>,std::hash<int8_t>,std::equal_to<int8_t>,std::allocator<std::pair<const int8_t,std::vector<PacketData,std::allocator<PacketData>>>>>,std::hash<PacketTypes>,std::equal_to<PacketTypes>,std::allocator<std::pair<const PacketTypes,std::unordered_map<int8_t,std::vector<PacketData,std::allocator<PacketData>>,std::hash<int8_t>,std::equal_to<int8_t>,std::allocator<std::pair<const int8_t,std::vector<PacketData,std::allocator<PacketData>>>>>>>>'
C:\Users\Maxke\Desktop\GDW 3 Repo\GDW\Semester 2\NetworkingDLL\NetworkingDLL\ClientSide.h(113,37): warning C4251: 'ClientSide::_transDataBuf': class 'std::vector<TransformData,std::allocator<TransformData>>' needs to have dll-interface to be used by clients of class 'ClientSide'
C:\Users\Maxke\Desktop\GDW 3 Repo\GDW\Semester 2\NetworkingDLL\NetworkingDLL\ClientSide.h(113): message : see declaration of 'std::vector<TransformData,std::allocator<TransformData>>'
C:\Users\Maxke\Desktop\GDW 3 Repo\GDW\Semester 2\NetworkingDLL\NetworkingDLL\ClientSide.h(114,31): warning C4251: 'ClientSide::_animDataBuf': class 'std::vector<AnimData,std::allocator<AnimData>>' needs to have dll-interface to be used by clients of class 'ClientSide'
C:\Users\Maxke\Desktop\GDW 3 Repo\GDW\Semester 2\NetworkingDLL\NetworkingDLL\ClientSide.h(114): message : see declaration of 'std::vector<AnimData,std::allocator<AnimData>>'
C:\Users\Maxke\Desktop\GDW 3 Repo\GDW\Semester 2\NetworkingDLL\NetworkingDLL\ClientSide.h(115,35): warning C4251: 'ClientSide::_entityDataBuf': class 'std::vector<EntityData,std::allocator<EntityData>>' needs to have dll-interface to be used by clients of class 'ClientSide'
C:\Users\Maxke\Desktop\GDW 3 Repo\GDW\Semester 2\NetworkingDLL\NetworkingDLL\ClientSide.h(115): message : see declaration of 'std::vector<EntityData,std::allocator<EntityData>>'
     Creating library ..\..\GDW\Assets\Plugins\Release\NetworkingDLL.lib and object ..\..\GDW\Assets\Plugins\Release\NetworkingDLL.exp
  Generating code
  9 of 1256 functions ( 0.7%) were compiled, the rest were copied from previous compilation.
    1 functions were new in current compilation
    6 functions had inline decision re-evaluated but remain unchanged
  Finished generating code
  NetworkingDLL.vcxproj -> C:\Users\Maxke\Desktop\GDW 3 Repo\GDW\Semester 2\NetworkingDLL\NetworkingDLL\..\..\GDW\Assets\Plugins\Release\NetworkingDLL.dll
